1537318537422	mozrunner::runner	INFO	Running command: "C:\\Program Files\\Mozilla Firefox\\firefox.exe" "-marionette" "-foreground" "-no-remote" "-profile" "C:\\Users\\Yc\\AppData\\Local\\Temp\\rust_mozprofile.inzWdNPslVAx"
Unable to read VR Path Registry from C:\Users\Yc\AppData\Local\openvr\openvrpaths.vrpath
Unable to read VR Path Registry from C:\Users\Yc\AppData\Local\openvr\openvrpaths.vrpath
Unable to read VR Path Registry from C:\Users\Yc\AppData\Local\openvr\openvrpaths.vrpath
Unable to read VR Path Registry from C:\Users\Yc\AppData\Local\openvr\openvrpaths.vrpath
Unable to read VR Path Registry from C:\Users\Yc\AppData\Local\openvr\openvrpaths.vrpath
1537318540107	Marionette	INFO	Listening on port 2582
1537318540418	Marionette	WARN	TLS certificate errors will be ignored for this session
console.error: (new TypeError("node is null", "resource://devtools/shared/base-loader.js -> resource://devtools/server/actors/styles.js", 273))
getUsedFontFaces@resource://devtools/shared/base-loader.js -> resource://devtools/server/actors/styles.js:273:9
handler@resource://devtools/shared/base-loader.js -> resource://devtools/shared/protocol.js:1141:19
onPacket@resource://devtools/shared/base-loader.js -> resource://devtools/server/main.js:1761:15
receiveMessage@resource://devtools/shared/base-loader.js -> resource://devtools/shared/transport/transport.js:735:7
console.error: "Could not get the list of font families" "Protocol error (unknownError): node is null"
IPDL protocol error: Handler returned error code!

###!!! [Parent][DispatchAsyncMessage] Error: PLayerTransaction::Msg_ReleaseLayer Processing error: message was deserialized, but the handler returned false (indicating failure)

IPDL protocol error: Handler returned error code!

###!!! [Parent][DispatchAsyncMessage] Error: PLayerTransaction::Msg_ReleaseLayer Processing error: message was deserialized, but the handler returned false (indicating failure)

IPDL protocol error: Handler returned error code!

###!!! [Parent][DispatchAsyncMessage] Error: PLayerTransaction::Msg_ReleaseLayer Processing error: message was deserialized, but the handler returned false (indicating failure)

IPDL protocol error: Handler returned error code!

###!!! [Parent][DispatchAsyncMessage] Error: PLayerTransaction::Msg_ReleaseLayer Processing error: message was deserialized, but the handler returned false (indicating failure)

IPDL protocol error: Handler returned error code!

###!!! [Parent][DispatchAsyncMessage] Error: PLayerTransaction::Msg_ReleaseLayer Processing error: message was deserialized, but the handler returned false (indicating failure)

[Child 11068, Chrome_ChildThread] WARNING: pipe error: 109: file z:/build/build/src/ipc/chromium/src/chrome/common/ipc_channel_win.cc, line 346
[Child 11068, Chrom[Child 10540, Chrome_ChildThread] WARNING: pipe error: 109: file z:/build/build/src/ipc/chromium/src/chrome/common/ipc_channel_win.cc, line 346
[Child 10540, Chrome_ChildThread] WARNING: pipe err[Parent 4764, Gecko_IOThread] WARNING: pipe error: 109: file z:/build/build/src/ipc/chromium/src/chrome/common/ipc_channel_win.cc, line 346

###!!! [Child][MessageChannel::SendAndWait] Error: Channel error: cannot send/recv

1537319827502	mozrunner::runner	INFO	Running command: "C:\\Program Files\\Mozilla Firefox\\firefox.exe" "-marionette" "-foreground" "-no-remote" "-profile" "C:\\Users\\Yc\\AppData\\Local\\Temp\\rust_mozprofile.zM6S8NzPaWqW"
Unable to read VR Path Registry from C:\Users\Yc\AppData\Local\openvr\openvrpaths.vrpath
Unable to read VR Path Registry from C:\Users\Yc\AppData\Local\openvr\openvrpaths.vrpath
Unable to read VR Path Registry from C:\Users\Yc\AppData\Local\openvr\openvrpaths.vrpath
Unable to read VR Path Registry from C:\Users\Yc\AppData\Local\openvr\openvrpaths.vrpath
Unable to read VR Path Registry from C:\Users\Yc\AppData\Local\openvr\openvrpaths.vrpath
1537319829279	Marionette	INFO	Listening on port 2915
1537319829631	Marionette	WARN	TLS certificate errors will be ignored for this session
console.warn: LoginRecipes: getRecipes: falling back to a synchronous message for: https://www.kijiji.ca
IPDL protocol error: Handler returned error code!

###!!! [Parent][DispatchAsyncMessage] Error: PAPZCTreeManager::Msg_SetTargetAPZC Processing error: message was deserialized, but the handler returned false (indicating failure)

IPDL protocol error: Handler returned error code!

###!!! [Parent][DispatchAsyncMessage] Error: PAPZCTreeManager::Msg_SetTargetAPZC Processing error: message was deserialized, but the handler returned false (indicating failure)

IPDL protocol error: Handler returned error code!

###!!! [Parent][DispatchAsyncMessage] Error: PAPZCTreeManager::Msg_SetTargetAPZC Processing error: message was deserialized, but the handler returned false (indicating failure)

IPDL protocol error: Handler returned error code!

###!!! [Parent][DispatchAsyncMessage] Error: PAPZCTreeManager::Msg_SetTargetAPZC Processing error: message was deserialized, but the handler returned false (indicating failure)

IPDL protocol error: Handler returned error code!

###!!! [Parent][DispatchAsyncMessage] Error: PAPZCTreeManager::Msg_SetTargetAPZC Processing error: message was deserialized, but the handler returned false (indicating failure)

[Child 1788, Chrome_ChildThread] WARNING: pipe error: 109: file z:/build/build/src/ipc/chromium/src/chrome/common/ipc_channel_win.cc, line 346
[Child 1788, Chrome_ChildThread] WARNING: pipe error: 109: file z:/build/build/src/ipc/chromium/src/chrome/common/ipc_cha[Child 13348, Chrome_ChildThread] WARNING: pipe error: 109: file z:/build/build/src/ipc/chromium/src/chrome/common/ipc_channel_win.cc, line 346
[Child 13348, Chrom
###!!! [Child][MessageChannel::SendAndWait] Error: Channel error: cannot send/recv

1537320374848	mozrunner::runner	INFO	Running command: "C:\\Program Files\\Mozilla Firefox\\firefox.exe" "-marionette" "-foreground" "-no-remote" "-profile" "C:\\Users\\Yc\\AppData\\Local\\Temp\\rust_mozprofile.aBk9yQfEgGyU"
Unable to read VR Path Registry from C:\Users\Yc\AppData\Local\openvr\openvrpaths.vrpath
Unable to read VR Path Registry from C:\Users\Yc\AppData\Local\openvr\openvrpaths.vrpath
Unable to read VR Path Registry from C:\Users\Yc\AppData\Local\openvr\openvrpaths.vrpath
Unable to read VR Path Registry from C:\Users\Yc\AppData\Local\openvr\openvrpaths.vrpath
Unable to read VR Path Registry from C:\Users\Yc\AppData\Local\openvr\openvrpaths.vrpath
1537320376711	Marionette	INFO	Listening on port 3143
1537320376968	Marionette	WARN	TLS certificate errors will be ignored for this session
[Parent 13484, Gecko_IOThread] WARNING: pipe error: 109: file z:/build/build/src/ipc/chromium/src/chrome/common/ipc_channel_win.cc, line 346
[Parent 13484, Gecko_IOThread] WARNING: pipe error: 109: file z:/build/build/src/ipc/chromium/src/chrome/common/ipc_channel_win.cc, line 346
[Child 1496, Chrome_ChildThread] WARNING: pipe error: 109: file z:/build/build/src/ipc/chromium/src/chrome/common/ipc_channel_win.cc, line 346
[Child 1496, Chrome_ChildThread] WARNING: pipe error: 109: file z:/build/build/s[Parent 13484, Gecko_IOThread] WARNING: pipe error: 109: file z:/build/build/src/ipc/chromium/src/chrome/common/ipc_channel_win.cc, line 346
[Child 1124, Chrome_ChildThread] WARNING: pipe error: 109: file z:/build/build/src/ipc/chromium/src/chrome/common/ipc_channel_win.cc, line 346
[Child 1124, Chrome_ChildThread] WA[Parent 13484, Gecko_IOThread] WARNING: pipe error: 109: file z:/build/build/src/ipc/chromium/src/chrome/common/ipc_channel_win.cc, line 346
*** UTM:SVC TimerManager:registerTimer called after profile-before-change notification. Ignoring timer registration for id: telemetry_modules_ping
[GPU 3316, Chrome_Chi
###!!! [Child][MessageChannel::SendAndWait] Error: Channel error: cannot send/recv

1537320491239	mozrunner::runner	INFO	Running command: "C:\\Program Files\\Mozilla Firefox\\firefox.exe" "-marionette" "-foreground" "-no-remote" "-profile" "C:\\Users\\Yc\\AppData\\Local\\Temp\\rust_mozprofile.jtg3yaBUXcJ4"
Unable to read VR Path Registry from C:\Users\Yc\AppData\Local\openvr\openvrpaths.vrpath
Unable to read VR Path Registry from C:\Users\Yc\AppData\Local\openvr\openvrpaths.vrpath
Unable to read VR Path Registry from C:\Users\Yc\AppData\Local\openvr\openvrpaths.vrpath
Unable to read VR Path Registry from C:\Users\Yc\AppData\Local\openvr\openvrpaths.vrpath
Unable to read VR Path Registry from C:\Users\Yc\AppData\Local\openvr\openvrpaths.vrpath
1537320493329	Marionette	INFO	Listening on port 3289
1537320493408	Marionette	WARN	TLS certificate errors will be ignored for this session
[Parent 2444, Gecko_IOThread] WARNING: pipe error: 109: file z:/build/build/src/ipc/chromium/src/chrome/common/ipc_channel_win.cc, line 346
[Parent 2444, Gecko_IOThread] WARNING: pipe error: 109: file z:/build/build/src/ipc/chromium/src/chrome/common/ipc_channel_win.cc, line 346
[Child 9272, Chrome_ChildThread] WARNING: pipe error: 109: file z:/build/build/src/ipc/chromium/src/chrome/common/ipc_channel_win.cc, line 346
[Child 9272, Chrome_ChildThread] WARNING:[Child 6120, Chrome_ChildThread] WARNING: pipe error: 109: file z:/build/build/src/ipc/chromium/src/chrome/common/ipc_channel_win.cc, line 346
[Child 6120, Chrome_ChildThread] WARNING: pipe error: 109: file z:/build/build/src/ipc/chromium/src/chrome/common/ipc_channel_win.cc, line 346
[Parent 2444, Gecko_IOThread] WARNING: pipe error: 109: file z:/build/build/src/ipc/chromium/src/chrome/common/ipc_channel_win.cc, line 346
[GPU 3096, Chrome_Ch
###!!! [Child][MessageChannel::SendAndWait] Error: Channel error: cannot send/recv

